d:\programming\c++\github\prog4engine\digger\minigin\x64\release\vc143.pdb
d:\programming\c++\github\prog4engine\digger\minigin\x64\release\transform.obj
d:\programming\c++\github\prog4engine\digger\minigin\x64\release\texture2d.obj
d:\programming\c++\github\prog4engine\digger\minigin\x64\release\textobject.obj
d:\programming\c++\github\prog4engine\digger\minigin\x64\release\scenemanager.obj
d:\programming\c++\github\prog4engine\digger\minigin\x64\release\scene.obj
d:\programming\c++\github\prog4engine\digger\minigin\x64\release\resourcemanager.obj
d:\programming\c++\github\prog4engine\digger\minigin\x64\release\renderer.obj
d:\programming\c++\github\prog4engine\digger\minigin\x64\release\minigin.obj
d:\programming\c++\github\prog4engine\digger\minigin\x64\release\main.obj
d:\programming\c++\github\prog4engine\digger\minigin\x64\release\inputmanager.obj
d:\programming\c++\github\prog4engine\digger\minigin\x64\release\gameobject.obj
d:\programming\c++\github\prog4engine\digger\minigin\x64\release\font.obj
d:\programming\c++\github\prog4engine\digger\minigin\x64\release\basecomponent.obj
d:\programming\c++\github\prog4engine\digger\x64\release\minigin.exe
d:\programming\c++\github\prog4engine\digger\x64\release\minigin.pdb
d:\programming\c++\github\prog4engine\digger\minigin\x64\release\minigin.ipdb
d:\programming\c++\github\prog4engine\digger\minigin\x64\release\minigin.iobj
d:\programming\c++\github\prog4engine\digger\minigin\x64\release\minigin.tlog\cl.command.1.tlog
d:\programming\c++\github\prog4engine\digger\minigin\x64\release\minigin.tlog\cl.items.tlog
d:\programming\c++\github\prog4engine\digger\minigin\x64\release\minigin.tlog\cl.read.1.tlog
d:\programming\c++\github\prog4engine\digger\minigin\x64\release\minigin.tlog\cl.write.1.tlog
d:\programming\c++\github\prog4engine\digger\minigin\x64\release\minigin.tlog\link.command.1.tlog
d:\programming\c++\github\prog4engine\digger\minigin\x64\release\minigin.tlog\link.read.1.tlog
d:\programming\c++\github\prog4engine\digger\minigin\x64\release\minigin.tlog\link.secondary.1.tlog
d:\programming\c++\github\prog4engine\digger\minigin\x64\release\minigin.tlog\link.write.1.tlog
