d:\programming\c++\github\prog4engine\digger\minigin\x64\debug\vc143.pdb
d:\programming\c++\github\prog4engine\digger\minigin\x64\debug\vc143.idb
d:\programming\c++\github\prog4engine\digger\minigin\x64\debug\transform.obj
d:\programming\c++\github\prog4engine\digger\minigin\x64\debug\texture2d.obj
d:\programming\c++\github\prog4engine\digger\minigin\x64\debug\textobject.obj
d:\programming\c++\github\prog4engine\digger\minigin\x64\debug\scenemanager.obj
d:\programming\c++\github\prog4engine\digger\minigin\x64\debug\scene.obj
d:\programming\c++\github\prog4engine\digger\minigin\x64\debug\resourcemanager.obj
d:\programming\c++\github\prog4engine\digger\minigin\x64\debug\renderer.obj
d:\programming\c++\github\prog4engine\digger\minigin\x64\debug\minigin.obj
d:\programming\c++\github\prog4engine\digger\minigin\x64\debug\main.obj
d:\programming\c++\github\prog4engine\digger\minigin\x64\debug\inputmanager.obj
d:\programming\c++\github\prog4engine\digger\minigin\x64\debug\gameobject.obj
d:\programming\c++\github\prog4engine\digger\minigin\x64\debug\font.obj
d:\programming\c++\github\prog4engine\digger\minigin\x64\debug\basecomponent.obj
d:\programming\c++\github\prog4engine\digger\x64\debug\minigin.exe
d:\programming\c++\github\prog4engine\digger\x64\debug\minigin.pdb
d:\programming\c++\github\prog4engine\digger\minigin\x64\debug\minigin.ilk
d:\programming\c++\github\prog4engine\digger\minigin\x64\debug\gamecomponent.obj
d:\programming\c++\github\prog4engine\digger\minigin\x64\debug\textcomponent.obj
d:\programming\c++\github\prog4engine\digger\minigin\x64\debug\minigin.tlog\cl.command.1.tlog
d:\programming\c++\github\prog4engine\digger\minigin\x64\debug\minigin.tlog\cl.items.tlog
d:\programming\c++\github\prog4engine\digger\minigin\x64\debug\minigin.tlog\cl.read.1.tlog
d:\programming\c++\github\prog4engine\digger\minigin\x64\debug\minigin.tlog\cl.write.1.tlog
d:\programming\c++\github\prog4engine\digger\minigin\x64\debug\minigin.tlog\link.command.1.tlog
d:\programming\c++\github\prog4engine\digger\minigin\x64\debug\minigin.tlog\link.read.1.tlog
d:\programming\c++\github\prog4engine\digger\minigin\x64\debug\minigin.tlog\link.secondary.1.tlog
d:\programming\c++\github\prog4engine\digger\minigin\x64\debug\minigin.tlog\link.write.1.tlog
